This is TeX, Version 3.141592653 (TeX Live 2026/dev/Arch Linux) (preloaded format=tex 2026.1.13)  25 FEB 2026 14:18
**source_wlabels.tex
(./source_wlabels.tex (/usr/share/texmf-dist/tex/plain/harvmac/harvmac.tex
\leftpage=\box16
\fullhsize=\dimen16
\hstitle=\dimen17
\hsbody=\dimen18

 big or little (b/l)? b
(This will come out unreduced.
\yearltd=\count26
\secno=\count27
\meqno=\count28
\subsecno=\count29
\footskip=\skip18
\ftno=\count30
\ftfile=\write0
\refno=\count31
\rfile=\write1
\ffile=\write2
\figno=\count32
\lfile=\write3
\tfile=\write4
) [0] (1. Introduction) [1] [2] [3] [4]
(2. Non-Relativistic Limit) [5] [6] (3. Lagrangian and Quantization) [7]
[8] (3.1. Closed string spectrum) [9] [10] (3.2. Open string spectrum) [11]
(3.3. Free the $U(1)$ to all order) [12] (4. Tree amplitudes) [13] [14]
[15] (5. Loop Amplitudes) [16] (5.1. Free energy) [17] [18] [19] [20]
(5.2. $N$-point amplitudes) [21] [22] (6. Relation to DLCQ) [23]
(7. Galilean Theories) [24] [25] (7.1. GDp and GNSF Theories) [26] [27]
[28] [29] [30] [31] [32] [33] (./refs.tmp [34]) [35] )
Output written on source_wlabels.dvi (36 pages, 127000 bytes).
