This is TeX, Version 3.141592653 (TeX Live 2026/dev/Arch Linux) (preloaded format=tex 2026.1.13)  25 FEB 2026 14:15
**source.tex
(./source.tex (/usr/share/texmf-dist/tex/plain/harvmac/harvmac.tex
\leftpage=\box16
\fullhsize=\dimen16
\hstitle=\dimen17
\hsbody=\dimen18

 big or little (b/l)? l
(This will be reduced.
\yearltd=\count26
\secno=\count27
\meqno=\count28
\subsecno=\count29
\footskip=\skip18
\ftno=\count30
\ftfile=\write0
\refno=\count31
\rfile=\write1
\ffile=\write2
\figno=\count32
\lfile=\write3
\tfile=\write4
) [0] (1. Introduction) [1.1] [2.2] [3.1] [4.2]
(2. Non-Relativistic Limit) [5.1] [6.2] [7.1] (3. Lagrangian and Quantization)
[8.2]
Overfull \hbox (5.24261pt too wide) detected at line 516
\teni S[] \tenrm = []  [] [] \teni ;

\hbox(14.9051+9.50012)x343.28249
.\teni S
.\hbox(4.51111+0.0)x4.48613, shifted 1.49998
..\sevenrm 1
.\glue(\thickmuskip) 2.77771 plus 2.77771
.\tenrm =
.\glue(\thickmuskip) 2.77771 plus 2.77771
.etc.

[9.1] (3.1. Closed string spectrum) [10.2] [11.1] [12.2]
(3.2. Open string spectrum) [13.1] (3.3. Free the $U(1)$ to all order) [14.2]
(4. Tree amplitudes) [15.1] [16.2] [17.1] (5. Loop Amplitudes) [18.2] [19.1]
(5.1. Free energy) [20.2] [21.1] [22.2] [23.1] (5.2. $N$-point amplitudes)
[24.2] [25.1] [26.2] (6. Relation to DLCQ) [27.1] (7. Galilean Theories)
[28.2] [29.1] (7.1. GDp and GNSF Theories) [30.2] [31.1] [32.2] [33.1] [34.2]
[35.1] [36.2] [37.1] [38.2] (./refs.tmp [39.1]
Overfull \hbox (8.3563pt too wide) in paragraph at lines 92--95
[][] tenrm L. Susskind, ``An-other Con-jec-ture about M(atrix) The-ory,''  tent
t hep-th/9704080 tenrm . 

 hbox(7.5+2.5)x343.28249, glue set - 1.0
. hbox(0.0+0.0)x20.0
. hbox(7.5+2.5)x0.0, glue set - 23.88893fil
.. glue 0.0 plus 1.0fil minus 1.0fil
.. tenrm [
.. tenrm 2
.. tenrm 4
.. tenrm ]
..etc.
. tenrm L
. tenrm .
. glue 3.33333 plus 1.66666 minus 1.11111
.etc.

) [40.2] )
Output written on source.dvi (21 pages, 130128 bytes).
