This is pdfTeX, Version 3.141592653-2.6-1.40.27 (TeX Live 2026/dev/Arch Linux) (preloaded format=latex 2026.1.13)  25 FEB 2026 14:15
entering extended mode
 restricted \write18 enabled.
 %&-line parsing enabled.
**igorrev3.tex
(./igorrev3.tex
LaTeX2e <2024-11-01> patch level 2
L3 programming layer <2025-01-18>
(/usr/share/texmf-dist/tex/latex/base/latex209.def
File: latex209.def 2020/11/26 v0.55 Standard LaTeX file


          Entering LaTeX 2.09 COMPATIBILITY MODE
 *************************************************************
    !!WARNING!!    !!WARNING!!    !!WARNING!!    !!WARNING!!   
 
 This mode attempts to provide an emulation of the LaTeX 2.09
 author environment so that OLD documents can be successfully
 processed. It should NOT be used for NEW documents!
 
 New documents should use Standard LaTeX conventions and start
 with the \documentclass command.
 
 Compatibility mode is UNLIKELY TO WORK with LaTeX 2.09 style
 files that change any internal macros, especially not with
 those that change the FONT SELECTION or OUTPUT ROUTINES.
 
 Therefore such style files MUST BE UPDATED to use
          Current Standard LaTeX: LaTeX2e.
 If you suspect that you may be using such a style file, which
 is probably very, very old by now, then you should attempt to
 get it updated by sending a copy of this error message to the
 author of that file.
 *************************************************************

\footheight=\dimen141
\@maxsep=\dimen142
\@dblmaxsep=\dimen143
\@cla=\count196
\@clb=\count197
\mscount=\count198
(/usr/share/texmf-dist/tex/latex/base/tracefnt.sty
Package: tracefnt 2020/12/22 v3.0n Standard LaTeX package (font tracing)
\tracingfonts=\count199
LaTeX Info: Redefining \selectfont on input line 107.
Applying: [2021/06/01] Add hook to \selectfont  on input line 142.
Already applied: [0000/00/00] Add hook to \selectfont  on input line 145.
)
\symbold=\mathgroup4
\symsans=\mathgroup5
\symtypewriter=\mathgroup6
\symitalic=\mathgroup7
\symsmallcaps=\mathgroup8
\symslanted=\mathgroup9
LaTeX Font Info:    Redeclaring math alphabet \mathbf on input line 275.
LaTeX Font Info:    Redeclaring math alphabet \mathsf on input line 276.
LaTeX Font Info:    Redeclaring math alphabet \mathtt on input line 277.
LaTeX Font Info:    Redeclaring math alphabet \mathit on input line 283.
LaTeX Info: Redefining \em on input line 293.

(/usr/share/texmf-dist/tex/latex/base/latexsym.sty
Package: latexsym 1998/08/17 v2.2e Standard LaTeX package (lasy symbols)
\symlasy=\mathgroup10
LaTeX Font Info:    Overwriting symbol font `lasy' in version `bold'
(Font)                  U/lasy/m/n --> U/lasy/b/n on input line 52.
)
LaTeX Font Info:    Redeclaring math delimiter \lgroup on input line 339.
LaTeX Font Info:    Redeclaring math delimiter \rgroup on input line 341.
LaTeX Font Info:    Redeclaring math delimiter \bracevert on input line 343.
)
(/usr/share/texmf-dist/tex/latex/base/article.cls
Document Class: article 2024/06/29 v1.4n Standard LaTeX document class
(/usr/share/texmf-dist/tex/latex/base/size12.clo
File: size12.clo 2024/06/29 v1.4n Standard LaTeX file (size option)
)
\c@part=\count266
\c@section=\count267
\c@subsection=\count268
\c@subsubsection=\count269
\c@paragraph=\count270
\c@subparagraph=\count271
\c@figure=\count272
\c@table=\count273
\abovecaptionskip=\skip49
\belowcaptionskip=\skip50
Compatibility mode: definition of \rm ignored.
Compatibility mode: definition of \sf ignored.
Compatibility mode: definition of \tt ignored.
Compatibility mode: definition of \bf ignored.
Compatibility mode: definition of \it ignored.
Compatibility mode: definition of \sl ignored.
Compatibility mode: definition of \sc ignored.
LaTeX Info: Redefining \cal on input line 497.
LaTeX Info: Redefining \mit on input line 498.
\bibindent=\dimen144
)
(/usr/share/texmf-dist/tex/latex/graphics/epsfig.sty
Package: epsfig 2024/01/14 v1.7b (e)psfig emulation (SPQR)

(/usr/share/texmf-dist/tex/latex/graphics/graphicx.sty
Package: graphicx 2021/09/16 v1.2d Enhanced LaTeX Graphics (DPC,SPQR)

(/usr/share/texmf-dist/tex/latex/graphics/keyval.sty
Package: keyval 2022/05/29 v1.15 key=value parser (DPC)
\KV@toks@=\toks17
)
(/usr/share/texmf-dist/tex/latex/graphics/graphics.sty
Package: graphics 2024/08/06 v1.4g Standard LaTeX Graphics (DPC,SPQR)

(/usr/share/texmf-dist/tex/latex/graphics/trig.sty
Package: trig 2023/12/02 v1.11 sin cos tan (DPC)
)
(/usr/share/texmf-dist/tex/latex/graphics-cfg/graphics.cfg
File: graphics.cfg 2016/06/04 v1.11 sample graphics configuration
)
Package graphics Info: Driver file: dvips.def on input line 106.

(/usr/share/texmf-dist/tex/latex/graphics-def/dvips.def
File: dvips.def 2022/09/22 v3.1e Graphics/color driver for dvips
))
\Gin@req@height=\dimen145
\Gin@req@width=\dimen146
)
\epsfxsize=\dimen147
\epsfysize=\dimen148
)
(/usr/share/texmf-dist/tex/latex/l3backend/l3backend-dvips.def
File: l3backend-dvips.def 2024-05-08 L3 backend support: dvips
\l__pdf_internal_box=\box52
\l__pdf_backend_content_box=\box53
\l__pdf_backend_model_box=\box54
\g__pdf_backend_annotation_int=\count274
\g__pdf_backend_link_int=\count275
\g__pdf_backend_link_sf_int=\count276
)
No file igorrev3.aux.
\openout1 = `igorrev3.aux'.

LaTeX Font Info:    Checking defaults for OML/cmm/m/it on input line 18.
LaTeX Font Info:    ... okay on input line 18.
LaTeX Font Info:    Checking defaults for OMS/cmsy/m/n on input line 18.
LaTeX Font Info:    ... okay on input line 18.
LaTeX Font Info:    Checking defaults for OT1/cmr/m/n on input line 18.
LaTeX Font Info:    ... okay on input line 18.
LaTeX Font Info:    Checking defaults for T1/cmr/m/n on input line 18.
LaTeX Font Info:    ... okay on input line 18.
LaTeX Font Info:    Checking defaults for TS1/cmr/m/n on input line 18.
LaTeX Font Info:    ... okay on input line 18.
LaTeX Font Info:    Checking defaults for OMX/cmex/m/n on input line 18.
LaTeX Font Info:    ... okay on input line 18.
LaTeX Font Info:    Checking defaults for U/cmr/m/n on input line 18.
LaTeX Font Info:    ... okay on input line 18.
\c@bean=\count277
LaTeX Font Info:    External font `cmex10' loaded for size
(Font)              <24.88> on input line 37.
LaTeX Font Info:    External font `cmex10' loaded for size
(Font)              <20.74> on input line 37.
LaTeX Font Info:    External font `cmex10' loaded for size
(Font)              <17.28> on input line 37.
LaTeX Font Info:    Trying to load font information for U+lasy on input line 37
.
(/usr/share/texmf-dist/tex/latex/base/ulasy.fd
File: ulasy.fd 1998/08/17 v2.2e LaTeX symbol font definitions
)
LaTeX Font Info:    External font `cmex10' loaded for size
(Font)              <12> on input line 69.
LaTeX Font Info:    External font `cmex10' loaded for size
(Font)              <8> on input line 69.
LaTeX Font Info:    External font `cmex10' loaded for size
(Font)              <6> on input line 69.


[0

]

LaTeX Warning: Citation `SST' on page 1 undefined on input line 123.


LaTeX Warning: Citation `GMMS' on page 1 undefined on input line 123.


LaTeX Warning: Citation `GKP' on page 1 undefined on input line 123.


LaTeX Warning: Citation `Lenny' on page 1 undefined on input line 124.


LaTeX Warning: Citation `Ganor' on page 1 undefined on input line 124.


LaTeX Warning: Citation `Barbon' on page 1 undefined on input line 124.


LaTeX Warning: Citation `gomis' on page 1 undefined on input line 124.


LaTeX Warning: Citation `german' on page 1 undefined on input line 124.


LaTeX Warning: Citation `V' on page 1 undefined on input line 140.


LaTeX Warning: Citation `GKP' on page 1 undefined on input line 140.


LaTeX Warning: Citation `GMSS' on page 1 undefined on input line 140.


LaTeX Warning: Citation `IKtalk' on page 1 undefined on input line 143.


LaTeX Warning: Citation `W' on page 1 undefined on input line 159.


LaTeX Warning: Citation `dvv' on page 1 undefined on input line 187.



[1]

LaTeX Warning: Citation `GMSS' on page 2 undefined on input line 230.


LaTeX Warning: Citation `SST' on page 2 undefined on input line 235.


LaTeX Warning: Citation `GMMS' on page 2 undefined on input line 235.


LaTeX Warning: Citation `GMSS' on page 2 undefined on input line 242.


LaTeX Warning: Citation `GMSS' on page 2 undefined on input line 257.


LaTeX Warning: Citation `GKP' on page 2 undefined on input line 268.


LaTeX Warning: Citation `GMSS' on page 2 undefined on input line 268.


LaTeX Warning: Citation `CK' on page 2 undefined on input line 276.


LaTeX Warning: Citation `IKtalk' on page 2 undefined on input line 276.



[2]

LaTeX Warning: Reference `correl' on page 3 undefined on input line 337.


LaTeX Warning: Reference `correl' on page 3 undefined on input line 340.


LaTeX Warning: Reference `correl' on page 3 undefined on input line 347.



[3]

LaTeX Warning: Citation `GMMS' on page 4 undefined on input line 387.


LaTeX Warning: Citation `GMSS' on page 4 undefined on input line 395.



[4]

LaTeX Warning: Reference `alphap' on page 5 undefined on input line 438.


LaTeX Warning: Reference `prediction' on page 5 undefined on input line 439.


LaTeX Warning: Reference `prediction' on page 5 undefined on input line 444.


LaTeX Warning: Reference `higgs' on page 5 undefined on input line 445.


LaTeX Warning: Reference `fluxten' on page 5 undefined on input line 458.


LaTeX Warning: Citation `BI' on page 5 undefined on input line 462.


LaTeX Warning: Citation `ACNY' on page 5 undefined on input line 462.


LaTeX Warning: Reference `fluxten' on page 5 undefined on input line 488.


LaTeX Warning: Reference `higgs' on page 5 undefined on input line 514.


LaTeX Warning: Reference `prediction' on page 5 undefined on input line 515.



[5]

LaTeX Warning: Reference `higgs' on page 6 undefined on input line 537.


LaTeX Warning: Citation `SST' on page 6 undefined on input line 542.


LaTeX Warning: Citation `GMMS' on page 6 undefined on input line 542.


LaTeX Warning: Citation `GMMS' on page 6 undefined on input line 549.


LaTeX Warning: Citation `Polch' on page 6 undefined on input line 564.


LaTeX Warning: Reference `prediction' on page 6 undefined on input line 582.



[6]
File: nonplanar.eps Graphic file (type eps)
 <nonplanar.eps>

LaTeX Warning: Citation `GMMS' on page 7 undefined on input line 608.


LaTeX Warning: Reference `onshell' on page 7 undefined on input line 651.



[7]

LaTeX Warning: Citation `dvv' on page 8 undefined on input line 663.


LaTeX Warning: Reference `alphap' on page 8 undefined on input line 665.


LaTeX Warning: Reference `coupling' on page 8 undefined on input line 666.


LaTeX Warning: Reference `higgs' on page 8 undefined on input line 668.


LaTeX Warning: Reference `alphap' on page 8 undefined on input line 682.


LaTeX Warning: Reference `coupling' on page 8 undefined on input line 682.


LaTeX Warning: Reference `higgs' on page 8 undefined on input line 683.


LaTeX Warning: Citation `AW' on page 8 undefined on input line 701.



[8]

LaTeX Warning: Reference `mult' on page 9 undefined on input line 728.


LaTeX Warning: Citation `GT' on page 9 undefined on input line 763.


LaTeX Warning: Citation `AP' on page 9 undefined on input line 763.


LaTeX Warning: Citation `dvv' on page 9 undefined on input line 783.


LaTeX Warning: Citation `dvv' on page 9 undefined on input line 787.


LaTeX Warning: Citation `CK' on page 9 undefined on input line 796.


LaTeX Warning: Citation `SST' on page 9 undefined on input line 796.



[9]

LaTeX Warning: Citation `MO' on page 10 undefined on input line 802.


LaTeX Warning: Citation `Seiberg-Witten' on page 10 undefined on input line 818
.


LaTeX Warning: Citation `sen' on page 10 undefined on input line 819.


LaTeX Warning: Citation `sen' on page 10 undefined on input line 824.


LaTeX Warning: Reference `mult' on page 10 undefined on input line 842.


LaTeX Warning: Citation `GKP' on page 10 undefined on input line 871.



[10]

LaTeX Warning: Citation `GKP' on page 11 undefined on input line 877.


LaTeX Warning: Citation `GKP' on page 11 undefined on input line 934.


LaTeX Warning: Citation `GKP' on page 11 undefined on input line 942.



[11]

LaTeX Warning: Reference `main' on page 12 undefined on input line 995.



[12]

[13]

[14] (./igorrev3.aux)
 ***********
LaTeX2e <2024-11-01> patch level 2
L3 programming layer <2025-01-18>
 ***********


LaTeX Warning: There were undefined references.


LaTeX Warning: Label(s) may have changed. Rerun to get cross-references right.

 ) 
Here is how much of TeX's memory you used:
 1218 strings out of 475172
 19643 string characters out of 5767121
 414769 words of memory out of 5000000
 24235 multiletter control sequences out of 15000+600000
 576586 words of font info for 99 fonts, out of 8000000 for 9000
 14 hyphenation exceptions out of 8191
 74i,15n,79p,316b,243s stack positions out of 10000i,1000n,20000p,200000b,200000s

Output written on igorrev3.dvi (15 pages, 60600 bytes).
