This is TeX, Version 3.141592653 (TeX Live 2026/dev/Arch Linux) (preloaded format=tex 2026.1.13)  25 FEB 2026 14:18
**source_wlabels.tex
(./source_wlabels.tex (/usr/share/texmf-dist/tex/plain/harvmac/harvmac.tex
\leftpage=\box16
\fullhsize=\dimen16
\hstitle=\dimen17
\hsbody=\dimen18

 big or little (b/l)? b
(This will come out unreduced.
\yearltd=\count26
\secno=\count27
\meqno=\count28
\subsecno=\count29
\footskip=\skip18
\ftno=\count30
\ftfile=\write0
\refno=\count31
\rfile=\write1
\ffile=\write2
\figno=\count32
\lfile=\write3
\tfile=\write4
) [0] (1. Introduction) [1] [2]
(2. Strings In Background Electric Field) [3]
(2.1. Canonical quantization on the strip) [4] [5] (2.2. String interactions)
(2.3. The critical electric field) [6] [7]
(3. Looking For A Zero Slope Limit With Noncommutative Spacetime) [8]
(4. New Noncritical String Theories) [9] [10] [11] [12] (./refs.tmp) [13] )
Output written on source_wlabels.dvi (14 pages, 48688 bytes).
